[20:07:53] [main/INFO]: Loading Minecraft 1.20.1 with Fabric Loader 0.16.3
[20:07:53] [main/INFO]: Loading 4 mods:
	- fabricloader 0.16.3
	   \-- mixinextras 0.4.1
	- java 17
	- minecraft 1.20.1
[20:07:53] [main/INFO]: SpongePowered MIXIN Subsystem Version=0.8.7 Source=file:/workspaces/ComeBackMC/servidor_minecraft/libraries/net/fabricmc/sponge-mixin/0.15.2+mixin.0.8.7/sponge-mixin-0.15.2+mixin.0.8.7.jar Service=Knot/Fabric Env=SERVER
[20:08:02] [main/INFO]: Environment: authHost='https://authserver.mojang.com', accountsHost='https://api.mojang.com', sessionHost='https://sessionserver.mojang.com', servicesHost='https://api.minecraftservices.com', name='PROD'
[20:08:05] [main/INFO]: Loaded 7 recipes
[20:08:05] [main/INFO]: Loaded 1271 advancements
[20:08:06] [Server thread/INFO]: Starting minecraft server version 1.20.1
[20:08:06] [Server thread/INFO]: Loading properties
[20:08:06] [Server thread/INFO]: Default game type: SURVIVAL
[20:08:06] [Server thread/INFO]: Generating keypair
[20:08:06] [Server thread/INFO]: Starting Minecraft server on *:25565
[20:08:06] [Server thread/INFO]: Using epoll channel type
[20:08:06] [Server thread/WARN]: **** SERVER IS RUNNING IN OFFLINE/INSECURE MODE!
[20:08:06] [Server thread/WARN]: The server will make no attempt to authenticate usernames. Beware.
[20:08:06] [Server thread/WARN]: While this makes the game possible to play without internet access, it also opens up the ability for hackers to connect with any username they choose.
[20:08:06] [Server thread/WARN]: To change this, set "online-mode" to "true" in the server.properties file.
[20:08:06] [Server thread/INFO]: Preparing level "world"
[20:08:18] [Server thread/INFO]: Preparing start region for dimension minecraft:overworld
[20:08:19] [Worker-Main-1/INFO]: Preparing spawn area: 0%
[20:08:19] [Worker-Main-1/INFO]: Preparing spawn area: 0%
[20:08:19] [Worker-Main-1/INFO]: Preparing spawn area: 0%
[20:08:20] [Worker-Main-1/INFO]: Preparing spawn area: 0%
[20:08:20] [Worker-Main-1/INFO]: Preparing spawn area: 0%
[20:08:21] [Worker-Main-1/INFO]: Preparing spawn area: 0%
[20:08:21] [Worker-Main-1/INFO]: Preparing spawn area: 0%
[20:08:22] [Worker-Main-1/INFO]: Preparing spawn area: 0%
[20:08:22] [Worker-Main-1/INFO]: Preparing spawn area: 0%
[20:08:23] [Worker-Main-1/INFO]: Preparing spawn area: 0%
[20:08:23] [Worker-Main-1/INFO]: Preparing spawn area: 0%
[20:08:24] [Worker-Main-1/INFO]: Preparing spawn area: 0%
[20:08:24] [Worker-Main-1/INFO]: Preparing spawn area: 0%
[20:08:25] [Worker-Main-1/INFO]: Preparing spawn area: 0%
[20:08:25] [Worker-Main-1/INFO]: Preparing spawn area: 0%
[20:08:26] [Worker-Main-1/INFO]: Preparing spawn area: 0%
[20:08:26] [Worker-Main-1/INFO]: Preparing spawn area: 0%
[20:08:27] [Worker-Main-1/INFO]: Preparing spawn area: 0%
[20:08:27] [Worker-Main-1/INFO]: Preparing spawn area: 0%
[20:08:28] [Worker-Main-1/INFO]: Preparing spawn area: 0%
[20:08:28] [Worker-Main-1/INFO]: Preparing spawn area: 0%
[20:08:29] [Worker-Main-1/INFO]: Preparing spawn area: 0%
[20:08:29] [Worker-Main-1/INFO]: Preparing spawn area: 0%
[20:08:30] [Worker-Main-1/INFO]: Preparing spawn area: 0%
[20:08:30] [Worker-Main-1/INFO]: Preparing spawn area: 0%
[20:08:31] [Worker-Main-1/INFO]: Preparing spawn area: 0%
[20:08:31] [Worker-Main-1/INFO]: Preparing spawn area: 0%
[20:08:32] [Worker-Main-1/INFO]: Preparing spawn area: 0%
[20:08:32] [Worker-Main-1/INFO]: Preparing spawn area: 0%
[20:08:33] [Worker-Main-1/INFO]: Preparing spawn area: 0%
[20:08:33] [Worker-Main-1/INFO]: Preparing spawn area: 0%
[20:08:34] [Worker-Main-1/INFO]: Preparing spawn area: 0%
[20:08:34] [Worker-Main-1/INFO]: Preparing spawn area: 0%
[20:08:35] [Worker-Main-1/INFO]: Preparing spawn area: 0%
[20:08:35] [Worker-Main-1/INFO]: Preparing spawn area: 0%
[20:08:36] [Worker-Main-1/INFO]: Preparing spawn area: 0%
[20:08:36] [Worker-Main-1/INFO]: Preparing spawn area: 0%
[20:08:37] [Worker-Main-1/INFO]: Preparing spawn area: 0%
[20:08:37] [Worker-Main-1/INFO]: Preparing spawn area: 0%
[20:08:38] [Worker-Main-1/INFO]: Preparing spawn area: 0%
[20:08:40] [Worker-Main-1/INFO]: Preparing spawn area: 0%
[20:08:40] [Worker-Main-1/INFO]: Preparing spawn area: 0%
[20:08:40] [Worker-Main-1/INFO]: Preparing spawn area: 0%
[20:08:40] [Worker-Main-1/INFO]: Preparing spawn area: 0%
[20:08:40] [Worker-Main-1/INFO]: Preparing spawn area: 0%
[20:08:41] [Worker-Main-1/INFO]: Preparing spawn area: 0%
[20:08:41] [Worker-Main-1/INFO]: Preparing spawn area: 0%
[20:08:42] [Worker-Main-1/INFO]: Preparing spawn area: 0%
[20:08:42] [Worker-Main-1/INFO]: Preparing spawn area: 0%
[20:08:43] [Worker-Main-1/INFO]: Preparing spawn area: 0%
[20:08:43] [Worker-Main-1/INFO]: Preparing spawn area: 0%
[20:08:44] [Worker-Main-1/INFO]: Preparing spawn area: 0%
[20:08:44] [Worker-Main-1/INFO]: Preparing spawn area: 0%
[20:08:45] [Worker-Main-1/INFO]: Preparing spawn area: 0%
[20:08:45] [Worker-Main-1/INFO]: Preparing spawn area: 0%
[20:08:46] [Worker-Main-1/INFO]: Preparing spawn area: 0%
[20:08:46] [Worker-Main-1/INFO]: Preparing spawn area: 0%
[20:08:47] [Worker-Main-1/INFO]: Preparing spawn area: 0%
[20:08:47] [Worker-Main-1/INFO]: Preparing spawn area: 0%
[20:08:48] [Worker-Main-1/INFO]: Preparing spawn area: 0%
[20:08:48] [Worker-Main-1/INFO]: Preparing spawn area: 0%
[20:08:49] [Worker-Main-1/INFO]: Preparing spawn area: 0%
[20:08:49] [Worker-Main-1/INFO]: Preparing spawn area: 0%
[20:08:50] [Worker-Main-1/INFO]: Preparing spawn area: 0%
[20:08:50] [Worker-Main-1/INFO]: Preparing spawn area: 0%
[20:08:51] [Worker-Main-1/INFO]: Preparing spawn area: 0%
[20:08:51] [Worker-Main-1/INFO]: Preparing spawn area: 0%
[20:08:52] [Worker-Main-1/INFO]: Preparing spawn area: 0%
[20:08:52] [Worker-Main-1/INFO]: Preparing spawn area: 0%
[20:08:53] [Worker-Main-1/INFO]: Preparing spawn area: 0%
[20:08:53] [Worker-Main-1/INFO]: Preparing spawn area: 0%
[20:08:54] [Worker-Main-1/INFO]: Preparing spawn area: 0%
[20:08:54] [Worker-Main-1/INFO]: Preparing spawn area: 0%
[20:08:55] [Worker-Main-1/INFO]: Preparing spawn area: 0%
[20:08:55] [Worker-Main-1/INFO]: Preparing spawn area: 0%
[20:08:56] [Worker-Main-1/INFO]: Preparing spawn area: 0%
[20:08:56] [Worker-Main-1/INFO]: Preparing spawn area: 0%
[20:08:57] [Worker-Main-1/INFO]: Preparing spawn area: 0%
[20:08:57] [Worker-Main-1/INFO]: Preparing spawn area: 0%
[20:08:58] [Worker-Main-1/INFO]: Preparing spawn area: 0%
[20:08:58] [Worker-Main-1/INFO]: Preparing spawn area: 0%
[20:08:59] [Worker-Main-1/INFO]: Preparing spawn area: 0%
[20:08:59] [Worker-Main-1/INFO]: Preparing spawn area: 0%
[20:09:00] [Worker-Main-1/INFO]: Preparing spawn area: 0%
[20:09:00] [Worker-Main-1/INFO]: Preparing spawn area: 0%
[20:09:01] [Worker-Main-1/INFO]: Preparing spawn area: 0%
[20:09:01] [Worker-Main-1/INFO]: Preparing spawn area: 0%
[20:09:02] [Worker-Main-1/INFO]: Preparing spawn area: 0%
[20:09:02] [Worker-Main-1/INFO]: Preparing spawn area: 0%
[20:09:03] [Worker-Main-1/INFO]: Preparing spawn area: 0%
[20:09:03] [Worker-Main-1/INFO]: Preparing spawn area: 0%
[20:09:04] [Worker-Main-1/INFO]: Preparing spawn area: 0%
[20:09:05] [Worker-Main-1/INFO]: Preparing spawn area: 15%
[20:09:05] [Worker-Main-1/INFO]: Preparing spawn area: 15%
[20:09:05] [Worker-Main-1/INFO]: Preparing spawn area: 44%
[20:09:07] [Server thread/INFO]: Time elapsed: 49479 ms
[20:09:07] [Server thread/INFO]: Done (61.255s)! For help, type "help"
[20:11:09] [Server thread/INFO]: Stopping the server
[20:11:10] [Server thread/INFO]: Stopping server
[20:11:10] [Server thread/INFO]: Saving players
[20:11:10] [Server thread/INFO]: Saving worlds
[20:11:11] [Server thread/INFO]: Saving chunks for level 'ServerLevel[world]'/minecraft:overworld
[20:11:13] [Server thread/INFO]: Saving chunks for level 'ServerLevel[world]'/minecraft:the_nether
[20:11:13] [Server thread/INFO]: Saving chunks for level 'ServerLevel[world]'/minecraft:the_end
[20:11:13] [Server thread/INFO]: ThreadedAnvilChunkStorage (world): All chunks are saved
[20:11:13] [Server thread/INFO]: ThreadedAnvilChunkStorage (DIM-1): All chunks are saved
[20:11:13] [Server thread/INFO]: ThreadedAnvilChunkStorage (DIM1): All chunks are saved
[20:11:13] [Server thread/INFO]: ThreadedAnvilChunkStorage: All dimensions are saved
